Classic Timing Analyzer report for nda1_3
Sat Dec 25 14:29:28 2021
Quartus II Version 9.1 Build 350 03/24/2010 Service Pack 2 SJ Web Edition


---------------------
; Table of Contents ;
---------------------
  1. Legal Notice
  2. Timing Analyzer Summary
  3. Timing Analyzer Settings
  4. Parallel Compilation
  5. tpd
  6. Timing Analyzer Messages



----------------
; Legal Notice ;
----------------
Copyright (C) 1991-2010 Altera Corporation
Your use of Altera Corporation's design tools, logic functions 
and other software and tools, and its AMPP partner logic 
functions, and any output files from any of the foregoing 
(including device programming or simulation files), and any 
associated documentation or information are expressly subject 
to the terms and conditions of the Altera Program License 
Subscription Agreement, Altera MegaCore Function License 
Agreement, or other applicable license agreement, including, 
without limitation, that your use is for the sole purpose of 
programming logic devices manufactured by Altera and sold by 
Altera or its authorized distributors.  Please refer to the 
applicable agreement for further details.



+-----------------------------------------------------------------------------------------------------------------------+
; Timing Analyzer Summary                                                                                               ;
+------------------------------+-------+---------------+-------------+------+----+------------+----------+--------------+
; Type                         ; Slack ; Required Time ; Actual Time ; From ; To ; From Clock ; To Clock ; Failed Paths ;
+------------------------------+-------+---------------+-------------+------+----+------------+----------+--------------+
; Worst-case tpd               ; N/A   ; None          ; 12.398 ns   ; SW4  ; B  ; --         ; --       ; 0            ;
; Total number of failed paths ;       ;               ;             ;      ;    ;            ;          ; 0            ;
+------------------------------+-------+---------------+-------------+------+----+------------+----------+--------------+


+-----------------------------------------------------------------------------------------------------------------------------------------------------+
; Timing Analyzer Settings                                                                                                                            ;
+------------------------------------------------------------------------------------------------------+--------------------+------+----+-------------+
; Option                                                                                               ; Setting            ; From ; To ; Entity Name ;
+------------------------------------------------------------------------------------------------------+--------------------+------+----+-------------+
; Device Name                                                                                          ; EP2C8Q208C8        ;      ;    ;             ;
; Timing Models                                                                                        ; Final              ;      ;    ;             ;
; Default hold multicycle                                                                              ; Same as Multicycle ;      ;    ;             ;
; Cut paths between unrelated clock domains                                                            ; On                 ;      ;    ;             ;
; Cut off read during write signal paths                                                               ; On                 ;      ;    ;             ;
; Cut off feedback from I/O pins                                                                       ; On                 ;      ;    ;             ;
; Report Combined Fast/Slow Timing                                                                     ; Off                ;      ;    ;             ;
; Ignore Clock Settings                                                                                ; Off                ;      ;    ;             ;
; Analyze latches as synchronous elements                                                              ; On                 ;      ;    ;             ;
; Enable Recovery/Removal analysis                                                                     ; Off                ;      ;    ;             ;
; Enable Clock Latency                                                                                 ; Off                ;      ;    ;             ;
; Use TimeQuest Timing Analyzer                                                                        ; Off                ;      ;    ;             ;
; Minimum Core Junction Temperature                                                                    ; 0                  ;      ;    ;             ;
; Maximum Core Junction Temperature                                                                    ; 85                 ;      ;    ;             ;
; Number of source nodes to report per destination node                                                ; 10                 ;      ;    ;             ;
; Number of destination nodes to report                                                                ; 10                 ;      ;    ;             ;
; Number of paths to report                                                                            ; 200                ;      ;    ;             ;
; Report Minimum Timing Checks                                                                         ; Off                ;      ;    ;             ;
; Use Fast Timing Models                                                                               ; Off                ;      ;    ;             ;
; Report IO Paths Separately                                                                           ; Off                ;      ;    ;             ;
; Perform Multicorner Analysis                                                                         ; On                 ;      ;    ;             ;
; Reports the worst-case path for each clock domain and analysis                                       ; Off                ;      ;    ;             ;
; Reports worst-case timing paths for each clock domain and analysis                                   ; On                 ;      ;    ;             ;
; Specifies the maximum number of worst-case timing paths to report for each clock domain and analysis ; 100                ;      ;    ;             ;
; Removes common clock path pessimism (CCPP) during slack computation                                  ; Off                ;      ;    ;             ;
; Output I/O Timing Endpoint                                                                           ; Near End           ;      ;    ;             ;
+------------------------------------------------------------------------------------------------------+--------------------+------+----+-------------+


Parallel compilation was disabled, but you have multiple processors available. Enable parallel compilation to reduce compilation time.
+-------------------------------------+
; Parallel Compilation                ;
+----------------------------+--------+
; Processors                 ; Number ;
+----------------------------+--------+
; Number detected on machine ; 4      ;
; Maximum allowed            ; 1      ;
+----------------------------+--------+


+---------------------------------------------------------+
; tpd                                                     ;
+-------+-------------------+-----------------+------+----+
; Slack ; Required P2P Time ; Actual P2P Time ; From ; To ;
+-------+-------------------+-----------------+------+----+
; N/A   ; None              ; 12.398 ns       ; SW4  ; B  ;
; N/A   ; None              ; 12.397 ns       ; SW4  ; F  ;
; N/A   ; None              ; 12.397 ns       ; SW4  ; C  ;
; N/A   ; None              ; 12.391 ns       ; SW4  ; E  ;
; N/A   ; None              ; 12.389 ns       ; SW4  ; A  ;
; N/A   ; None              ; 12.384 ns       ; SW4  ; G  ;
; N/A   ; None              ; 12.351 ns       ; SW4  ; D  ;
; N/A   ; None              ; 12.016 ns       ; SW2  ; E  ;
; N/A   ; None              ; 12.016 ns       ; SW2  ; C  ;
; N/A   ; None              ; 12.014 ns       ; SW2  ; F  ;
; N/A   ; None              ; 12.014 ns       ; SW2  ; B  ;
; N/A   ; None              ; 12.004 ns       ; SW2  ; G  ;
; N/A   ; None              ; 12.004 ns       ; SW2  ; A  ;
; N/A   ; None              ; 11.969 ns       ; SW2  ; D  ;
; N/A   ; None              ; 11.961 ns       ; SW3  ; B  ;
; N/A   ; None              ; 11.960 ns       ; SW3  ; E  ;
; N/A   ; None              ; 11.956 ns       ; SW3  ; F  ;
; N/A   ; None              ; 11.952 ns       ; SW3  ; C  ;
; N/A   ; None              ; 11.951 ns       ; SW3  ; A  ;
; N/A   ; None              ; 11.942 ns       ; SW3  ; G  ;
; N/A   ; None              ; 11.906 ns       ; SW3  ; D  ;
; N/A   ; None              ; 11.722 ns       ; SW1  ; E  ;
; N/A   ; None              ; 11.722 ns       ; SW1  ; B  ;
; N/A   ; None              ; 11.717 ns       ; SW1  ; F  ;
; N/A   ; None              ; 11.715 ns       ; SW1  ; C  ;
; N/A   ; None              ; 11.713 ns       ; SW1  ; A  ;
; N/A   ; None              ; 11.704 ns       ; SW1  ; G  ;
; N/A   ; None              ; 11.668 ns       ; SW1  ; D  ;
+-------+-------------------+-----------------+------+----+


+--------------------------+
; Timing Analyzer Messages ;
+--------------------------+
Info: *******************************************************************
Info: Running Quartus II Classic Timing Analyzer
    Info: Version 9.1 Build 350 03/24/2010 Service Pack 2 SJ Web Edition
    Info: Processing started: Sat Dec 25 14:29:28 2021
Info: Command: quartus_tan --read_settings_files=off --write_settings_files=off nda1_3 -c nda1_3 --timing_analysis_only
Info: Longest tpd from source pin "SW4" to destination pin "B" is 12.398 ns
    Info: 1: + IC(0.000 ns) + CELL(1.005 ns) = 1.005 ns; Loc. = PIN_147; Fanout = 7; PIN Node = 'SW4'
    Info: 2: + IC(6.606 ns) + CELL(0.624 ns) = 8.235 ns; Loc. = LCCOMB_X33_Y6_N18; Fanout = 1; COMB Node = 'decoder_nda2_3:inst1|B-nda2_3:inst10|inst~0'
    Info: 3: + IC(1.077 ns) + CELL(3.086 ns) = 12.398 ns; Loc. = PIN_112; Fanout = 0; PIN Node = 'B'
    Info: Total cell delay = 4.715 ns ( 38.03 % )
    Info: Total interconnect delay = 7.683 ns ( 61.97 % )
Info: Quartus II Classic Timing Analyzer was successful. 0 errors, 0 warnings
    Info: Peak virtual memory: 186 megabytes
    Info: Processing ended: Sat Dec 25 14:29:28 2021
    Info: Elapsed time: 00:00:00
    Info: Total CPU time (on all processors): 00:00:00


