Analysis & Synthesis report for nda3_2
Sat Dec 25 14:11:24 2021
Quartus II Version 9.1 Build 350 03/24/2010 Service Pack 2 SJ Web Edition


---------------------
; Table of Contents ;
---------------------
  1. Legal Notice
  2. Analysis & Synthesis Summary
  3. Analysis & Synthesis Settings
  4. Parallel Compilation
  5. Analysis & Synthesis Source Files Read
  6. Analysis & Synthesis Resource Usage Summary
  7. Analysis & Synthesis Resource Utilization by Entity
  8. General Register Statistics
  9. Analysis & Synthesis Messages



----------------
; Legal Notice ;
----------------
Copyright (C) 1991-2010 Altera Corporation
Your use of Altera Corporation's design tools, logic functions 
and other software and tools, and its AMPP partner logic 
functions, and any output files from any of the foregoing 
(including device programming or simulation files), and any 
associated documentation or information are expressly subject 
to the terms and conditions of the Altera Program License 
Subscription Agreement, Altera MegaCore Function License 
Agreement, or other applicable license agreement, including, 
without limitation, that your use is for the sole purpose of 
programming logic devices manufactured by Altera and sold by 
Altera or its authorized distributors.  Please refer to the 
applicable agreement for further details.



+-----------------------------------------------------------------------------------+
; Analysis & Synthesis Summary                                                      ;
+------------------------------------+----------------------------------------------+
; Analysis & Synthesis Status        ; Successful - Sat Dec 25 14:11:24 2021        ;
; Quartus II Version                 ; 9.1 Build 350 03/24/2010 SP 2 SJ Web Edition ;
; Revision Name                      ; nda3_2                                       ;
; Top-level Entity Name              ; stand_nda1_3                                 ;
; Family                             ; Cyclone II                                   ;
; Total logic elements               ; 8                                            ;
;     Total combinational functions  ; 8                                            ;
;     Dedicated logic registers      ; 0                                            ;
; Total registers                    ; 0                                            ;
; Total pins                         ; 20                                           ;
; Total virtual pins                 ; 0                                            ;
; Total memory bits                  ; 0                                            ;
; Embedded Multiplier 9-bit elements ; 0                                            ;
; Total PLLs                         ; 0                                            ;
+------------------------------------+----------------------------------------------+


+----------------------------------------------------------------------------------------------------------------------+
; Analysis & Synthesis Settings                                                                                        ;
+----------------------------------------------------------------------------+--------------------+--------------------+
; Option                                                                     ; Setting            ; Default Value      ;
+----------------------------------------------------------------------------+--------------------+--------------------+
; Device                                                                     ; EP2C8Q208C8        ;                    ;
; Top-level entity name                                                      ; stand_nda1_3       ; nda3_2             ;
; Family name                                                                ; Cyclone II         ; Stratix II         ;
; Use Generated Physical Constraints File                                    ; Off                ;                    ;
; Use smart compilation                                                      ; Off                ; Off                ;
; Enable parallel Assembler and TimeQuest Timing Analyzer during compilation ; On                 ; On                 ;
; Enable compact report table                                                ; Off                ; Off                ;
; Restructure Multiplexers                                                   ; Auto               ; Auto               ;
; Create Debugging Nodes for IP Cores                                        ; Off                ; Off                ;
; Preserve fewer node names                                                  ; On                 ; On                 ;
; Disable OpenCore Plus hardware evaluation                                  ; Off                ; Off                ;
; Verilog Version                                                            ; Verilog_2001       ; Verilog_2001       ;
; VHDL Version                                                               ; VHDL_1993          ; VHDL_1993          ;
; State Machine Processing                                                   ; Auto               ; Auto               ;
; Safe State Machine                                                         ; Off                ; Off                ;
; Extract Verilog State Machines                                             ; On                 ; On                 ;
; Extract VHDL State Machines                                                ; On                 ; On                 ;
; Ignore Verilog initial constructs                                          ; Off                ; Off                ;
; Iteration limit for constant Verilog loops                                 ; 5000               ; 5000               ;
; Iteration limit for non-constant Verilog loops                             ; 250                ; 250                ;
; Add Pass-Through Logic to Inferred RAMs                                    ; On                 ; On                 ;
; Parallel Synthesis                                                         ; On                 ; On                 ;
; DSP Block Balancing                                                        ; Auto               ; Auto               ;
; NOT Gate Push-Back                                                         ; On                 ; On                 ;
; Power-Up Don't Care                                                        ; On                 ; On                 ;
; Remove Redundant Logic Cells                                               ; Off                ; Off                ;
; Remove Duplicate Registers                                                 ; On                 ; On                 ;
; Ignore CARRY Buffers                                                       ; Off                ; Off                ;
; Ignore CASCADE Buffers                                                     ; Off                ; Off                ;
; Ignore GLOBAL Buffers                                                      ; Off                ; Off                ;
; Ignore ROW GLOBAL Buffers                                                  ; Off                ; Off                ;
; Ignore LCELL Buffers                                                       ; Off                ; Off                ;
; Ignore SOFT Buffers                                                        ; On                 ; On                 ;
; Limit AHDL Integers to 32 Bits                                             ; Off                ; Off                ;
; Optimization Technique                                                     ; Balanced           ; Balanced           ;
; Carry Chain Length                                                         ; 70                 ; 70                 ;
; Auto Carry Chains                                                          ; On                 ; On                 ;
; Auto Open-Drain Pins                                                       ; On                 ; On                 ;
; Perform WYSIWYG Primitive Resynthesis                                      ; Off                ; Off                ;
; Auto ROM Replacement                                                       ; On                 ; On                 ;
; Auto RAM Replacement                                                       ; On                 ; On                 ;
; Auto Shift Register Replacement                                            ; Auto               ; Auto               ;
; Auto Clock Enable Replacement                                              ; On                 ; On                 ;
; Strict RAM Replacement                                                     ; Off                ; Off                ;
; Allow Synchronous Control Signals                                          ; On                 ; On                 ;
; Force Use of Synchronous Clear Signals                                     ; Off                ; Off                ;
; Auto RAM to Logic Cell Conversion                                          ; Off                ; Off                ;
; Auto Resource Sharing                                                      ; Off                ; Off                ;
; Allow Any RAM Size For Recognition                                         ; Off                ; Off                ;
; Allow Any ROM Size For Recognition                                         ; Off                ; Off                ;
; Allow Any Shift Register Size For Recognition                              ; Off                ; Off                ;
; Use LogicLock Constraints during Resource Balancing                        ; On                 ; On                 ;
; Ignore translate_off and synthesis_off directives                          ; Off                ; Off                ;
; Timing-Driven Synthesis                                                    ; Off                ; Off                ;
; Show Parameter Settings Tables in Synthesis Report                         ; On                 ; On                 ;
; Ignore Maximum Fan-Out Assignments                                         ; Off                ; Off                ;
; Synchronization Register Chain Length                                      ; 2                  ; 2                  ;
; PowerPlay Power Optimization                                               ; Normal compilation ; Normal compilation ;
; HDL message level                                                          ; Level2             ; Level2             ;
; Suppress Register Optimization Related Messages                            ; Off                ; Off                ;
; Number of Removed Registers Reported in Synthesis Report                   ; 5000               ; 5000               ;
; Number of Inverted Registers Reported in Synthesis Report                  ; 100                ; 100                ;
; Clock MUX Protection                                                       ; On                 ; On                 ;
; Auto Gated Clock Conversion                                                ; Off                ; Off                ;
; Block Design Naming                                                        ; Auto               ; Auto               ;
; SDC constraint protection                                                  ; Off                ; Off                ;
; Synthesis Effort                                                           ; Auto               ; Auto               ;
; Shift Register Replacement - Allow Asynchronous Clear Signal               ; On                 ; On                 ;
; Analysis & Synthesis Message Level                                         ; Medium             ; Medium             ;
; Disable Register Merging Across Hierarchies                                ; Auto               ; Auto               ;
; Resource Aware Inference For Block RAM                                     ; On                 ; On                 ;
+----------------------------------------------------------------------------+--------------------+--------------------+


Parallel compilation was disabled, but you have multiple processors available. Enable parallel compilation to reduce compilation time.
+-------------------------------------+
; Parallel Compilation                ;
+----------------------------+--------+
; Processors                 ; Number ;
+----------------------------+--------+
; Number detected on machine ; 4      ;
; Maximum allowed            ; 1      ;
+----------------------------+--------+


+-----------------------------------------------------------------------------------------------------------------------------------------------------------------+
; Analysis & Synthesis Source Files Read                                                                                                                          ;
+-----------------------------------+-----------------+------------------------------------+----------------------------------------------------------------------+
; File Name with User-Entered Path  ; Used in Netlist ; File Type                          ; File Name with Absolute Path                                         ;
+-----------------------------------+-----------------+------------------------------------+----------------------------------------------------------------------+
; A-nda2_3.bdf                      ; yes             ; User Block Diagram/Schematic File  ; C:/учёба/machin-/LabFPGA-3/Task3_2/A-nda2_3.bdf                      ;
; ALU_nda1_3.bdf                    ; yes             ; User Block Diagram/Schematic File  ; C:/учёба/machin-/LabFPGA-3/Task3_2/ALU_nda1_3.bdf                    ;
; B-nda2_3.bdf                      ; yes             ; User Block Diagram/Schematic File  ; C:/учёба/machin-/LabFPGA-3/Task3_2/B-nda2_3.bdf                      ;
; C-nda2_3.bdf                      ; yes             ; User Block Diagram/Schematic File  ; C:/учёба/machin-/LabFPGA-3/Task3_2/C-nda2_3.bdf                      ;
; D-nda2_3.bdf                      ; yes             ; User Block Diagram/Schematic File  ; C:/учёба/machin-/LabFPGA-3/Task3_2/D-nda2_3.bdf                      ;
; decoder_nda2_3.bdf                ; yes             ; User Block Diagram/Schematic File  ; C:/учёба/machin-/LabFPGA-3/Task3_2/decoder_nda2_3.bdf                ;
; E-nda2_3.bdf                      ; yes             ; User Block Diagram/Schematic File  ; C:/учёба/machin-/LabFPGA-3/Task3_2/E-nda2_3.bdf                      ;
; F-nda2_3.bdf                      ; yes             ; User Block Diagram/Schematic File  ; C:/учёба/machin-/LabFPGA-3/Task3_2/F-nda2_3.bdf                      ;
; G-nda2_3.bdf                      ; yes             ; User Block Diagram/Schematic File  ; C:/учёба/machin-/LabFPGA-3/Task3_2/G-nda2_3.bdf                      ;
; HS_nda1_3.bdf                     ; yes             ; User Block Diagram/Schematic File  ; C:/учёба/machin-/LabFPGA-3/Task3_2/HS_nda1_3.bdf                     ;
; SM_nda1_3.bdf                     ; yes             ; User Block Diagram/Schematic File  ; C:/учёба/machin-/LabFPGA-3/Task3_2/SM_nda1_3.bdf                     ;
; stand_nda1_3.bdf                  ; yes             ; User Block Diagram/Schematic File  ; C:/учёба/machin-/LabFPGA-3/Task3_2/stand_nda1_3.bdf                  ;
; straight_addition_code_nda3_2.bdf ; yes             ; User Block Diagram/Schematic File  ; C:/учёба/machin-/LabFPGA-3/Task3_2/straight_addition_code_nda3_2.bdf ;
; xor_nda1_3.bdf                    ; yes             ; User Block Diagram/Schematic File  ; C:/учёба/machin-/LabFPGA-3/Task3_2/xor_nda1_3.bdf                    ;
+-----------------------------------+-----------------+------------------------------------+----------------------------------------------------------------------+


+-----------------------------------------------------+
; Analysis & Synthesis Resource Usage Summary         ;
+---------------------------------------------+-------+
; Resource                                    ; Usage ;
+---------------------------------------------+-------+
; Estimated Total logic elements              ; 8     ;
;                                             ;       ;
; Total combinational functions               ; 8     ;
; Logic element usage by number of LUT inputs ;       ;
;     -- 4 input functions                    ; 5     ;
;     -- 3 input functions                    ; 2     ;
;     -- <=2 input functions                  ; 1     ;
;                                             ;       ;
; Logic elements by mode                      ;       ;
;     -- normal mode                          ; 8     ;
;     -- arithmetic mode                      ; 0     ;
;                                             ;       ;
; Total registers                             ; 0     ;
;     -- Dedicated logic registers            ; 0     ;
;     -- I/O registers                        ; 0     ;
;                                             ;       ;
; I/O pins                                    ; 20    ;
; Maximum fan-out node                        ; SW2   ;
; Maximum fan-out                             ; 8     ;
; Total fan-out                               ; 36    ;
; Average fan-out                             ; 1.29  ;
+---------------------------------------------+-------+


+----------------------------------------------------------------------------------------------------------------------------------------------------------------------------------------------------------------------+
; Analysis & Synthesis Resource Utilization by Entity                                                                                                                                                                  ;
+----------------------------+-------------------+--------------+-------------+--------------+---------+-----------+------+--------------+--------------------------------------------------------------+--------------+
; Compilation Hierarchy Node ; LC Combinationals ; LC Registers ; Memory Bits ; DSP Elements ; DSP 9x9 ; DSP 18x18 ; Pins ; Virtual Pins ; Full Hierarchy Name                                          ; Library Name ;
+----------------------------+-------------------+--------------+-------------+--------------+---------+-----------+------+--------------+--------------------------------------------------------------+--------------+
; |stand_nda1_3              ; 8 (0)             ; 0 (0)        ; 0           ; 0            ; 0       ; 0         ; 20   ; 0            ; |stand_nda1_3                                                ; work         ;
;    |ALU_nda1_3:inst|       ; 1 (0)             ; 0 (0)        ; 0           ; 0            ; 0       ; 0         ; 0    ; 0            ; |stand_nda1_3|ALU_nda1_3:inst                                ;              ;
;       |SM_nda1_3:inst|     ; 1 (0)             ; 0 (0)        ; 0           ; 0            ; 0       ; 0         ; 0    ; 0            ; |stand_nda1_3|ALU_nda1_3:inst|SM_nda1_3:inst                 ;              ;
;          |HS_nda1_3:inst5| ; 1 (1)             ; 0 (0)        ; 0           ; 0            ; 0       ; 0         ; 0    ; 0            ; |stand_nda1_3|ALU_nda1_3:inst|SM_nda1_3:inst|HS_nda1_3:inst5 ; work         ;
;    |decoder_nda2_3:inst1|  ; 7 (0)             ; 0 (0)        ; 0           ; 0            ; 0       ; 0         ; 0    ; 0            ; |stand_nda1_3|decoder_nda2_3:inst1                           ;              ;
;       |A-nda2_3:inst|      ; 1 (1)             ; 0 (0)        ; 0           ; 0            ; 0       ; 0         ; 0    ; 0            ; |stand_nda1_3|decoder_nda2_3:inst1|A-nda2_3:inst             ;              ;
;       |B-nda2_3:inst10|    ; 1 (1)             ; 0 (0)        ; 0           ; 0            ; 0       ; 0         ; 0    ; 0            ; |stand_nda1_3|decoder_nda2_3:inst1|B-nda2_3:inst10           ;              ;
;       |C-nda2_3:inst11|    ; 1 (1)             ; 0 (0)        ; 0           ; 0            ; 0       ; 0         ; 0    ; 0            ; |stand_nda1_3|decoder_nda2_3:inst1|C-nda2_3:inst11           ;              ;
;       |D-nda2_3:inst12|    ; 1 (1)             ; 0 (0)        ; 0           ; 0            ; 0       ; 0         ; 0    ; 0            ; |stand_nda1_3|decoder_nda2_3:inst1|D-nda2_3:inst12           ;              ;
;       |E-nda2_3:inst13|    ; 1 (1)             ; 0 (0)        ; 0           ; 0            ; 0       ; 0         ; 0    ; 0            ; |stand_nda1_3|decoder_nda2_3:inst1|E-nda2_3:inst13           ;              ;
;       |F-nda2_3:inst14|    ; 1 (1)             ; 0 (0)        ; 0           ; 0            ; 0       ; 0         ; 0    ; 0            ; |stand_nda1_3|decoder_nda2_3:inst1|F-nda2_3:inst14           ;              ;
;       |G-nda2_3:inst15|    ; 1 (1)             ; 0 (0)        ; 0           ; 0            ; 0       ; 0         ; 0    ; 0            ; |stand_nda1_3|decoder_nda2_3:inst1|G-nda2_3:inst15           ;              ;
+----------------------------+-------------------+--------------+-------------+--------------+---------+-----------+------+--------------+--------------------------------------------------------------+--------------+
Note: For table entries with two numbers listed, the numbers in parentheses indicate the number of resources of the given type used by the specific entity alone. The numbers listed outside of parentheses indicate the total resources of the given type used by the specific entity and all of its sub-entities in the hierarchy.


+------------------------------------------------------+
; General Register Statistics                          ;
+----------------------------------------------+-------+
; Statistic                                    ; Value ;
+----------------------------------------------+-------+
; Total registers                              ; 0     ;
; Number of registers using Synchronous Clear  ; 0     ;
; Number of registers using Synchronous Load   ; 0     ;
; Number of registers using Asynchronous Clear ; 0     ;
; Number of registers using Asynchronous Load  ; 0     ;
; Number of registers using Clock Enable       ; 0     ;
; Number of registers using Preset             ; 0     ;
+----------------------------------------------+-------+


+-------------------------------+
; Analysis & Synthesis Messages ;
+-------------------------------+
Info: *******************************************************************
Info: Running Quartus II Analysis & Synthesis
    Info: Version 9.1 Build 350 03/24/2010 Service Pack 2 SJ Web Edition
    Info: Processing started: Sat Dec 25 14:11:22 2021
Info: Command: quartus_map --read_settings_files=on --write_settings_files=off nda3_2 -c nda3_2
Info: Found 1 design units, including 1 entities, in source file a-nda2_3.bdf
    Info: Found entity 1: A-nda2_3
Info: Found 1 design units, including 1 entities, in source file alu_nda1_3.bdf
    Info: Found entity 1: ALU_nda1_3
Info: Found 1 design units, including 1 entities, in source file b-nda2_3.bdf
    Info: Found entity 1: B-nda2_3
Info: Found 1 design units, including 1 entities, in source file c-nda2_3.bdf
    Info: Found entity 1: C-nda2_3
Info: Found 1 design units, including 1 entities, in source file d-nda2_3.bdf
    Info: Found entity 1: D-nda2_3
Info: Found 1 design units, including 1 entities, in source file decoder_nda2_3.bdf
    Info: Found entity 1: decoder_nda2_3
Info: Found 1 design units, including 1 entities, in source file e-nda2_3.bdf
    Info: Found entity 1: E-nda2_3
Info: Found 1 design units, including 1 entities, in source file f-nda2_3.bdf
    Info: Found entity 1: F-nda2_3
Info: Found 1 design units, including 1 entities, in source file g-nda2_3.bdf
    Info: Found entity 1: G-nda2_3
Info: Found 1 design units, including 1 entities, in source file hs_nda1_3.bdf
    Info: Found entity 1: HS_nda1_3
Info: Found 1 design units, including 1 entities, in source file sm_nda1_3.bdf
    Info: Found entity 1: SM_nda1_3
Info: Found 1 design units, including 1 entities, in source file stand_nda1_3.bdf
    Info: Found entity 1: stand_nda1_3
Info: Found 1 design units, including 1 entities, in source file straight_addition_code_nda3_2.bdf
    Info: Found entity 1: straight_addition_code_nda3_2
Info: Found 1 design units, including 1 entities, in source file xor_nda1_3.bdf
    Info: Found entity 1: xor_nda1_3
Info: Elaborating entity "stand_nda1_3" for the top level hierarchy
Info: Elaborating entity "decoder_nda2_3" for hierarchy "decoder_nda2_3:inst1"
Info: Elaborating entity "E-nda2_3" for hierarchy "decoder_nda2_3:inst1|E-nda2_3:inst13"
Warning: Primitive "NOT" of instance "inst11" not used
Warning: Primitive "NOT" of instance "inst13" not used
Info: Elaborating entity "F-nda2_3" for hierarchy "decoder_nda2_3:inst1|F-nda2_3:inst14"
Info: Elaborating entity "G-nda2_3" for hierarchy "decoder_nda2_3:inst1|G-nda2_3:inst15"
Info: Elaborating entity "A-nda2_3" for hierarchy "decoder_nda2_3:inst1|A-nda2_3:inst"
Info: Elaborating entity "B-nda2_3" for hierarchy "decoder_nda2_3:inst1|B-nda2_3:inst10"
Info: Elaborating entity "C-nda2_3" for hierarchy "decoder_nda2_3:inst1|C-nda2_3:inst11"
Warning: Primitive "NOT" of instance "inst" not used
Info: Elaborating entity "D-nda2_3" for hierarchy "decoder_nda2_3:inst1|D-nda2_3:inst12"
Info: Elaborating entity "ALU_nda1_3" for hierarchy "ALU_nda1_3:inst"
Warning: Block or symbol "SM_nda1_3" of instance "inst14" overlaps another block or symbol
Info: Elaborating entity "straight_addition_code_nda3_2" for hierarchy "ALU_nda1_3:inst|straight_addition_code_nda3_2:inst11"
Info: Elaborating entity "HS_nda1_3" for hierarchy "ALU_nda1_3:inst|straight_addition_code_nda3_2:inst11|HS_nda1_3:inst9"
Info: Elaborating entity "xor_nda1_3" for hierarchy "ALU_nda1_3:inst|straight_addition_code_nda3_2:inst11|xor_nda1_3:inst4"
Info: Elaborating entity "SM_nda1_3" for hierarchy "ALU_nda1_3:inst|SM_nda1_3:inst"
Warning: Output pins are stuck at VCC or GND
    Warning (13410): Pin "p128" is stuck at VCC
    Warning (13410): Pin "p133" is stuck at VCC
    Warning (13410): Pin "p134" is stuck at VCC
    Warning (13410): Pin "p135" is stuck at VCC
    Warning (13410): Pin "p106" is stuck at VCC
    Warning (13410): Pin "p105" is stuck at VCC
    Warning (13410): Pin "p104" is stuck at VCC
    Warning (13410): Pin "p127" is stuck at GND
Info: Implemented 28 device resources after synthesis - the final resource count might be different
    Info: Implemented 4 input pins
    Info: Implemented 16 output pins
    Info: Implemented 8 logic cells
Info: Quartus II Analysis & Synthesis was successful. 0 errors, 13 warnings
    Info: Peak virtual memory: 222 megabytes
    Info: Processing ended: Sat Dec 25 14:11:24 2021
    Info: Elapsed time: 00:00:02
    Info: Total CPU time (on all processors): 00:00:02


