Classic Timing Analyzer report for nda2_3
Tue Dec 21 22:31:21 2021
Quartus II Version 9.1 Build 350 03/24/2010 Service Pack 2 SJ Web Edition


---------------------
; Table of Contents ;
---------------------
  1. Legal Notice
  2. Timing Analyzer Summary
  3. Timing Analyzer Settings
  4. Parallel Compilation
  5. tpd
  6. Timing Analyzer Messages



----------------
; Legal Notice ;
----------------
Copyright (C) 1991-2010 Altera Corporation
Your use of Altera Corporation's design tools, logic functions 
and other software and tools, and its AMPP partner logic 
functions, and any output files from any of the foregoing 
(including device programming or simulation files), and any 
associated documentation or information are expressly subject 
to the terms and conditions of the Altera Program License 
Subscription Agreement, Altera MegaCore Function License 
Agreement, or other applicable license agreement, including, 
without limitation, that your use is for the sole purpose of 
programming logic devices manufactured by Altera and sold by 
Altera or its authorized distributors.  Please refer to the 
applicable agreement for further details.



+-----------------------------------------------------------------------------------------------------------------------+
; Timing Analyzer Summary                                                                                               ;
+------------------------------+-------+---------------+-------------+------+----+------------+----------+--------------+
; Type                         ; Slack ; Required Time ; Actual Time ; From ; To ; From Clock ; To Clock ; Failed Paths ;
+------------------------------+-------+---------------+-------------+------+----+------------+----------+--------------+
; Worst-case tpd               ; N/A   ; None          ; 12.361 ns   ; SW2  ; C  ; --         ; --       ; 0            ;
; Total number of failed paths ;       ;               ;             ;      ;    ;            ;          ; 0            ;
+------------------------------+-------+---------------+-------------+------+----+------------+----------+--------------+


+-----------------------------------------------------------------------------------------------------------------------------------------------------+
; Timing Analyzer Settings                                                                                                                            ;
+------------------------------------------------------------------------------------------------------+--------------------+------+----+-------------+
; Option                                                                                               ; Setting            ; From ; To ; Entity Name ;
+------------------------------------------------------------------------------------------------------+--------------------+------+----+-------------+
; Device Name                                                                                          ; EP2C8Q208C8        ;      ;    ;             ;
; Timing Models                                                                                        ; Final              ;      ;    ;             ;
; Default hold multicycle                                                                              ; Same as Multicycle ;      ;    ;             ;
; Cut paths between unrelated clock domains                                                            ; On                 ;      ;    ;             ;
; Cut off read during write signal paths                                                               ; On                 ;      ;    ;             ;
; Cut off feedback from I/O pins                                                                       ; On                 ;      ;    ;             ;
; Report Combined Fast/Slow Timing                                                                     ; Off                ;      ;    ;             ;
; Ignore Clock Settings                                                                                ; Off                ;      ;    ;             ;
; Analyze latches as synchronous elements                                                              ; On                 ;      ;    ;             ;
; Enable Recovery/Removal analysis                                                                     ; Off                ;      ;    ;             ;
; Enable Clock Latency                                                                                 ; Off                ;      ;    ;             ;
; Use TimeQuest Timing Analyzer                                                                        ; Off                ;      ;    ;             ;
; Minimum Core Junction Temperature                                                                    ; 0                  ;      ;    ;             ;
; Maximum Core Junction Temperature                                                                    ; 85                 ;      ;    ;             ;
; Number of source nodes to report per destination node                                                ; 10                 ;      ;    ;             ;
; Number of destination nodes to report                                                                ; 10                 ;      ;    ;             ;
; Number of paths to report                                                                            ; 200                ;      ;    ;             ;
; Report Minimum Timing Checks                                                                         ; Off                ;      ;    ;             ;
; Use Fast Timing Models                                                                               ; Off                ;      ;    ;             ;
; Report IO Paths Separately                                                                           ; Off                ;      ;    ;             ;
; Perform Multicorner Analysis                                                                         ; On                 ;      ;    ;             ;
; Reports the worst-case path for each clock domain and analysis                                       ; Off                ;      ;    ;             ;
; Reports worst-case timing paths for each clock domain and analysis                                   ; On                 ;      ;    ;             ;
; Specifies the maximum number of worst-case timing paths to report for each clock domain and analysis ; 100                ;      ;    ;             ;
; Removes common clock path pessimism (CCPP) during slack computation                                  ; Off                ;      ;    ;             ;
; Output I/O Timing Endpoint                                                                           ; Near End           ;      ;    ;             ;
+------------------------------------------------------------------------------------------------------+--------------------+------+----+-------------+


Parallel compilation was disabled, but you have multiple processors available. Enable parallel compilation to reduce compilation time.
+-------------------------------------+
; Parallel Compilation                ;
+----------------------------+--------+
; Processors                 ; Number ;
+----------------------------+--------+
; Number detected on machine ; 4      ;
; Maximum allowed            ; 1      ;
+----------------------------+--------+


+---------------------------------------------------------+
; tpd                                                     ;
+-------+-------------------+-----------------+------+----+
; Slack ; Required P2P Time ; Actual P2P Time ; From ; To ;
+-------+-------------------+-----------------+------+----+
; N/A   ; None              ; 12.361 ns       ; SW2  ; C  ;
; N/A   ; None              ; 12.314 ns       ; SW2  ; A  ;
; N/A   ; None              ; 12.122 ns       ; SW3  ; C  ;
; N/A   ; None              ; 12.119 ns       ; SW3  ; B  ;
; N/A   ; None              ; 12.080 ns       ; SW3  ; E  ;
; N/A   ; None              ; 12.072 ns       ; SW3  ; D  ;
; N/A   ; None              ; 12.067 ns       ; SW3  ; A  ;
; N/A   ; None              ; 11.950 ns       ; SW1  ; C  ;
; N/A   ; None              ; 11.915 ns       ; SW1  ; D  ;
; N/A   ; None              ; 11.911 ns       ; SW1  ; E  ;
; N/A   ; None              ; 11.909 ns       ; SW4  ; C  ;
; N/A   ; None              ; 11.887 ns       ; SW2  ; B  ;
; N/A   ; None              ; 11.884 ns       ; SW1  ; B  ;
; N/A   ; None              ; 11.869 ns       ; SW1  ; A  ;
; N/A   ; None              ; 11.863 ns       ; SW4  ; A  ;
; N/A   ; None              ; 11.842 ns       ; SW2  ; D  ;
; N/A   ; None              ; 11.835 ns       ; SW2  ; E  ;
; N/A   ; None              ; 11.721 ns       ; SW3  ; F  ;
; N/A   ; None              ; 11.714 ns       ; SW3  ; G  ;
; N/A   ; None              ; 11.558 ns       ; SW1  ; G  ;
; N/A   ; None              ; 11.552 ns       ; SW1  ; F  ;
; N/A   ; None              ; 11.482 ns       ; SW2  ; G  ;
; N/A   ; None              ; 11.477 ns       ; SW2  ; F  ;
+-------+-------------------+-----------------+------+----+


+--------------------------+
; Timing Analyzer Messages ;
+--------------------------+
Info: *******************************************************************
Info: Running Quartus II Classic Timing Analyzer
    Info: Version 9.1 Build 350 03/24/2010 Service Pack 2 SJ Web Edition
    Info: Processing started: Tue Dec 21 22:31:21 2021
Info: Command: quartus_tan --read_settings_files=off --write_settings_files=off nda2_3 -c nda2_3 --timing_analysis_only
Info: Longest tpd from source pin "SW2" to destination pin "C" is 12.361 ns
    Info: 1: + IC(0.000 ns) + CELL(0.995 ns) = 0.995 ns; Loc. = PIN_145; Fanout = 7; PIN Node = 'SW2'
    Info: 2: + IC(6.565 ns) + CELL(0.651 ns) = 8.211 ns; Loc. = LCCOMB_X33_Y5_N12; Fanout = 1; COMB Node = 'cont_nda2_3:inst|inst3~0'
    Info: 3: + IC(1.054 ns) + CELL(3.096 ns) = 12.361 ns; Loc. = PIN_113; Fanout = 0; PIN Node = 'C'
    Info: Total cell delay = 4.742 ns ( 38.36 % )
    Info: Total interconnect delay = 7.619 ns ( 61.64 % )
Info: Quartus II Classic Timing Analyzer was successful. 0 errors, 0 warnings
    Info: Peak virtual memory: 186 megabytes
    Info: Processing ended: Tue Dec 21 22:31:21 2021
    Info: Elapsed time: 00:00:00
    Info: Total CPU time (on all processors): 00:00:00


