Classic Timing Analyzer report for nda2_2
Sat Dec 25 11:26:37 2021
Quartus II Version 9.1 Build 350 03/24/2010 Service Pack 2 SJ Web Edition


---------------------
; Table of Contents ;
---------------------
  1. Legal Notice
  2. Timing Analyzer Summary
  3. Timing Analyzer Settings
  4. Parallel Compilation
  5. tpd
  6. Timing Analyzer Messages



----------------
; Legal Notice ;
----------------
Copyright (C) 1991-2010 Altera Corporation
Your use of Altera Corporation's design tools, logic functions 
and other software and tools, and its AMPP partner logic 
functions, and any output files from any of the foregoing 
(including device programming or simulation files), and any 
associated documentation or information are expressly subject 
to the terms and conditions of the Altera Program License 
Subscription Agreement, Altera MegaCore Function License 
Agreement, or other applicable license agreement, including, 
without limitation, that your use is for the sole purpose of 
programming logic devices manufactured by Altera and sold by 
Altera or its authorized distributors.  Please refer to the 
applicable agreement for further details.



+-----------------------------------------------------------------------------------------------------------------------+
; Timing Analyzer Summary                                                                                               ;
+------------------------------+-------+---------------+-------------+------+----+------------+----------+--------------+
; Type                         ; Slack ; Required Time ; Actual Time ; From ; To ; From Clock ; To Clock ; Failed Paths ;
+------------------------------+-------+---------------+-------------+------+----+------------+----------+--------------+
; Worst-case tpd               ; N/A   ; None          ; 12.402 ns   ; SW4  ; F  ; --         ; --       ; 0            ;
; Total number of failed paths ;       ;               ;             ;      ;    ;            ;          ; 0            ;
+------------------------------+-------+---------------+-------------+------+----+------------+----------+--------------+


+-----------------------------------------------------------------------------------------------------------------------------------------------------+
; Timing Analyzer Settings                                                                                                                            ;
+------------------------------------------------------------------------------------------------------+--------------------+------+----+-------------+
; Option                                                                                               ; Setting            ; From ; To ; Entity Name ;
+------------------------------------------------------------------------------------------------------+--------------------+------+----+-------------+
; Device Name                                                                                          ; EP2C8Q208C8        ;      ;    ;             ;
; Timing Models                                                                                        ; Final              ;      ;    ;             ;
; Default hold multicycle                                                                              ; Same as Multicycle ;      ;    ;             ;
; Cut paths between unrelated clock domains                                                            ; On                 ;      ;    ;             ;
; Cut off read during write signal paths                                                               ; On                 ;      ;    ;             ;
; Cut off feedback from I/O pins                                                                       ; On                 ;      ;    ;             ;
; Report Combined Fast/Slow Timing                                                                     ; Off                ;      ;    ;             ;
; Ignore Clock Settings                                                                                ; Off                ;      ;    ;             ;
; Analyze latches as synchronous elements                                                              ; On                 ;      ;    ;             ;
; Enable Recovery/Removal analysis                                                                     ; Off                ;      ;    ;             ;
; Enable Clock Latency                                                                                 ; Off                ;      ;    ;             ;
; Use TimeQuest Timing Analyzer                                                                        ; Off                ;      ;    ;             ;
; Minimum Core Junction Temperature                                                                    ; 0                  ;      ;    ;             ;
; Maximum Core Junction Temperature                                                                    ; 85                 ;      ;    ;             ;
; Number of source nodes to report per destination node                                                ; 10                 ;      ;    ;             ;
; Number of destination nodes to report                                                                ; 10                 ;      ;    ;             ;
; Number of paths to report                                                                            ; 200                ;      ;    ;             ;
; Report Minimum Timing Checks                                                                         ; Off                ;      ;    ;             ;
; Use Fast Timing Models                                                                               ; Off                ;      ;    ;             ;
; Report IO Paths Separately                                                                           ; Off                ;      ;    ;             ;
; Perform Multicorner Analysis                                                                         ; On                 ;      ;    ;             ;
; Reports the worst-case path for each clock domain and analysis                                       ; Off                ;      ;    ;             ;
; Reports worst-case timing paths for each clock domain and analysis                                   ; On                 ;      ;    ;             ;
; Specifies the maximum number of worst-case timing paths to report for each clock domain and analysis ; 100                ;      ;    ;             ;
; Removes common clock path pessimism (CCPP) during slack computation                                  ; Off                ;      ;    ;             ;
; Output I/O Timing Endpoint                                                                           ; Near End           ;      ;    ;             ;
+------------------------------------------------------------------------------------------------------+--------------------+------+----+-------------+


Parallel compilation was disabled, but you have multiple processors available. Enable parallel compilation to reduce compilation time.
+-------------------------------------+
; Parallel Compilation                ;
+----------------------------+--------+
; Processors                 ; Number ;
+----------------------------+--------+
; Number detected on machine ; 4      ;
; Maximum allowed            ; 1      ;
+----------------------------+--------+


+---------------------------------------------------------+
; tpd                                                     ;
+-------+-------------------+-----------------+------+----+
; Slack ; Required P2P Time ; Actual P2P Time ; From ; To ;
+-------+-------------------+-----------------+------+----+
; N/A   ; None              ; 12.402 ns       ; SW4  ; F  ;
; N/A   ; None              ; 12.376 ns       ; SW4  ; C  ;
; N/A   ; None              ; 12.163 ns       ; SW4  ; D  ;
; N/A   ; None              ; 12.163 ns       ; SW4  ; A  ;
; N/A   ; None              ; 12.155 ns       ; SW4  ; G  ;
; N/A   ; None              ; 12.153 ns       ; SW4  ; E  ;
; N/A   ; None              ; 12.135 ns       ; SW4  ; B  ;
; N/A   ; None              ; 12.028 ns       ; SW2  ; D  ;
; N/A   ; None              ; 12.028 ns       ; SW2  ; A  ;
; N/A   ; None              ; 12.019 ns       ; SW2  ; E  ;
; N/A   ; None              ; 12.016 ns       ; SW2  ; G  ;
; N/A   ; None              ; 11.962 ns       ; SW1  ; D  ;
; N/A   ; None              ; 11.962 ns       ; SW1  ; A  ;
; N/A   ; None              ; 11.961 ns       ; SW1  ; E  ;
; N/A   ; None              ; 11.959 ns       ; SW2  ; B  ;
; N/A   ; None              ; 11.955 ns       ; SW1  ; G  ;
; N/A   ; None              ; 11.955 ns       ; SW3  ; E  ;
; N/A   ; None              ; 11.954 ns       ; SW3  ; D  ;
; N/A   ; None              ; 11.954 ns       ; SW3  ; A  ;
; N/A   ; None              ; 11.952 ns       ; SW3  ; G  ;
; N/A   ; None              ; 11.936 ns       ; SW3  ; B  ;
; N/A   ; None              ; 11.906 ns       ; SW1  ; B  ;
; N/A   ; None              ; 11.901 ns       ; SW3  ; C  ;
; N/A   ; None              ; 11.891 ns       ; SW3  ; F  ;
; N/A   ; None              ; 11.657 ns       ; SW1  ; C  ;
; N/A   ; None              ; 11.648 ns       ; SW1  ; F  ;
+-------+-------------------+-----------------+------+----+


+--------------------------+
; Timing Analyzer Messages ;
+--------------------------+
Info: *******************************************************************
Info: Running Quartus II Classic Timing Analyzer
    Info: Version 9.1 Build 350 03/24/2010 Service Pack 2 SJ Web Edition
    Info: Processing started: Sat Dec 25 11:26:36 2021
Info: Command: quartus_tan --read_settings_files=off --write_settings_files=off nda2_2 -c nda2_2 --timing_analysis_only
Info: Longest tpd from source pin "SW4" to destination pin "F" is 12.402 ns
    Info: 1: + IC(0.000 ns) + CELL(1.005 ns) = 1.005 ns; Loc. = PIN_147; Fanout = 6; PIN Node = 'SW4'
    Info: 2: + IC(6.643 ns) + CELL(0.651 ns) = 8.299 ns; Loc. = LCCOMB_X33_Y6_N6; Fanout = 1; COMB Node = 'shifrator_nda2_2:inst1|inst11'
    Info: 3: + IC(0.997 ns) + CELL(3.106 ns) = 12.402 ns; Loc. = PIN_116; Fanout = 0; PIN Node = 'F'
    Info: Total cell delay = 4.762 ns ( 38.40 % )
    Info: Total interconnect delay = 7.640 ns ( 61.60 % )
Info: Quartus II Classic Timing Analyzer was successful. 0 errors, 0 warnings
    Info: Peak virtual memory: 186 megabytes
    Info: Processing ended: Sat Dec 25 11:26:37 2021
    Info: Elapsed time: 00:00:01
    Info: Total CPU time (on all processors): 00:00:01


