Flow report for nda2_1
Thu Dec 23 09:34:40 2021
Quartus II Version 9.1 Build 350 03/24/2010 Service Pack 2 SJ Web Edition


---------------------
; Table of Contents ;
---------------------
  1. Legal Notice
  2. Flow Summary
  3. Flow Settings
  4. Flow Non-Default Global Settings
  5. Flow Elapsed Time
  6. Flow OS Summary
  7. Flow Log



----------------
; Legal Notice ;
----------------
Copyright (C) 1991-2010 Altera Corporation
Your use of Altera Corporation's design tools, logic functions 
and other software and tools, and its AMPP partner logic 
functions, and any output files from any of the foregoing 
(including device programming or simulation files), and any 
associated documentation or information are expressly subject 
to the terms and conditions of the Altera Program License 
Subscription Agreement, Altera MegaCore Function License 
Agreement, or other applicable license agreement, including, 
without limitation, that your use is for the sole purpose of 
programming logic devices manufactured by Altera and sold by 
Altera or its authorized distributors.  Please refer to the 
applicable agreement for further details.



+-----------------------------------------------------------------------------------+
; Flow Summary                                                                      ;
+------------------------------------+----------------------------------------------+
; Flow Status                        ; Successful - Thu Dec 23 09:34:40 2021        ;
; Quartus II Version                 ; 9.1 Build 350 03/24/2010 SP 2 SJ Web Edition ;
; Revision Name                      ; nda2_1                                       ;
; Top-level Entity Name              ; coderLiftStend_nda2_1                        ;
; Family                             ; Cyclone II                                   ;
; Device                             ; EP2C8Q208C8                                  ;
; Timing Models                      ; Final                                        ;
; Met timing requirements            ; Yes                                          ;
; Total logic elements               ; 3 / 8,256 ( < 1 % )                          ;
;     Total combinational functions  ; 3 / 8,256 ( < 1 % )                          ;
;     Dedicated logic registers      ; 0 / 8,256 ( 0 % )                            ;
; Total registers                    ; 0                                            ;
; Total pins                         ; 7 / 138 ( 5 % )                              ;
; Total virtual pins                 ; 0                                            ;
; Total memory bits                  ; 0 / 165,888 ( 0 % )                          ;
; Embedded Multiplier 9-bit elements ; 0 / 36 ( 0 % )                               ;
; Total PLLs                         ; 0 / 2 ( 0 % )                                ;
+------------------------------------+----------------------------------------------+


+-----------------------------------------+
; Flow Settings                           ;
+-------------------+---------------------+
; Option            ; Setting             ;
+-------------------+---------------------+
; Start date & time ; 12/23/2021 09:34:28 ;
; Main task         ; Compilation         ;
; Revision Name     ; nda2_1              ;
+-------------------+---------------------+


+-------------------------------------------------------------------------------------------------------------------------------+
; Flow Non-Default Global Settings                                                                                              ;
+------------------------------------+---------------------------------+---------------+-----------------------+----------------+
; Assignment Name                    ; Value                           ; Default Value ; Entity Name           ; Section Id     ;
+------------------------------------+---------------------------------+---------------+-----------------------+----------------+
; COMPILER_SIGNATURE_ID              ; 251682017801592.164023406806752 ; --            ; --                    ; --             ;
; MAX_CORE_JUNCTION_TEMP             ; 85                              ; --            ; --                    ; --             ;
; MIN_CORE_JUNCTION_TEMP             ; 0                               ; --            ; --                    ; --             ;
; PARTITION_COLOR                    ; 16764057                        ; --            ; coderLiftStend_nda2_1 ; Top            ;
; PARTITION_NETLIST_TYPE             ; SOURCE                          ; --            ; coderLiftStend_nda2_1 ; Top            ;
; TOP_LEVEL_ENTITY                   ; coderLiftStend_nda2_1           ; nda2_1        ; --                    ; --             ;
; USE_GENERATED_PHYSICAL_CONSTRAINTS ; Off                             ; --            ; --                    ; eda_blast_fpga ;
+------------------------------------+---------------------------------+---------------+-----------------------+----------------+


+-----------------------------------------------------------------------------------------------------------------------------+
; Flow Elapsed Time                                                                                                           ;
+-------------------------+--------------+-------------------------+---------------------+------------------------------------+
; Module Name             ; Elapsed Time ; Average Processors Used ; Peak Virtual Memory ; Total CPU Time (on all processors) ;
+-------------------------+--------------+-------------------------+---------------------+------------------------------------+
; Analysis & Synthesis    ; 00:00:01     ; 1.0                     ; 220 MB              ; 00:00:02                           ;
; Fitter                  ; 00:00:02     ; 1.0                     ; 251 MB              ; 00:00:02                           ;
; Assembler               ; 00:00:01     ; 1.0                     ; 221 MB              ; 00:00:01                           ;
; Classic Timing Analyzer ; 00:00:01     ; 1.0                     ; 171 MB              ; 00:00:00                           ;
; Total                   ; 00:00:05     ; --                      ; --                  ; 00:00:05                           ;
+-------------------------+--------------+-------------------------+---------------------+------------------------------------+


+------------------------------------------------------------------------------------------+
; Flow OS Summary                                                                          ;
+-------------------------+------------------+---------------+------------+----------------+
; Module Name             ; Machine Hostname ; OS Name       ; OS Version ; Processor type ;
+-------------------------+------------------+---------------+------------+----------------+
; Analysis & Synthesis    ; DESKTOP-H464MNM  ; Windows Vista ; 6.2        ; x86_64         ;
; Fitter                  ; DESKTOP-H464MNM  ; Windows Vista ; 6.2        ; x86_64         ;
; Assembler               ; DESKTOP-H464MNM  ; Windows Vista ; 6.2        ; x86_64         ;
; Classic Timing Analyzer ; DESKTOP-H464MNM  ; Windows Vista ; 6.2        ; x86_64         ;
+-------------------------+------------------+---------------+------------+----------------+


------------
; Flow Log ;
------------
quartus_map --read_settings_files=on --write_settings_files=off nda2_1 -c nda2_1
quartus_fit --read_settings_files=off --write_settings_files=off nda2_1 -c nda2_1
quartus_asm --read_settings_files=off --write_settings_files=off nda2_1 -c nda2_1
quartus_tan --read_settings_files=off --write_settings_files=off nda2_1 -c nda2_1 --timing_analysis_only



